\o Program:		@(#)$CDS: libManager version 6.1.8 - CAT37 09/24/2018 21:00 (ip-172-18-22-224) $
\o Sub version:		sub-version  p015 
\o Arguments:		-mpssession virtuoso12821 -mpshost szjcdl31 
\o Working Directory:	szjcdl31:/home/centos/EE213/IC2_project
\o 64-bit offsets
\o Qt version: 		5.9.1
\o Log file is "/home/centos/EE213/IC2_project/libManager.log".
\o Opening libManager window.
\a nrSetCurrentWindow(cdsLibManager)
\a nrResizeWindow(cdsLibManager list(532 360 951 654))
\o changeWorkingDir("/home/centos/EE213/IC2_project") unnecessary.
\o ddSetForcedLib("") unnecessary.
\o MPS service: map window
\o Library Manager customization server connected.
\a nrSetWindowVisibility(cdsLibManager "hide")
\a nrResizeWindow(cdsLibManager list(0 0 951 654))
\a nrSetCurrentWindow(cdsLibManager)
\a nrSetWindowVisibility(cdsLibManager "show")
\a nrResizeWindow(cdsLibManager list(532 360 951 654))
\a nrSetCurrentWindow(cdsLibManager)
\a nrSetWindowVisibility(cdsLibManager "hide")
\a nrResizeWindow(cdsLibManager list(0 0 951 654))
\a nrSetWindowVisibility(cdsLibManager "show")
\a nrResizeWindow(cdsLibManager list(532 360 951 654))
\a nrResizeWindow(cdsLibManager list(2147 314 951 654))
\a cdsLibManager->libListBox->value = "cdsDefTechLib"
\a cdsLibManager->libLineEdit->value = "cdsDefTechLib"
\a nrListItemAction(cdsLibManager->libListBox "cdsDefTechLib" 0)
\a cdsLibManager->libListBox->value = "NCSU_TechLib_FreePDK45"
\a cdsLibManager->libLineEdit->value = "NCSU_TechLib_FreePDK45"
\a nrListItemAction(cdsLibManager->libListBox "NCSU_TechLib_FreePDK45" 0)
\a cdsLibManager->libListBox->value = "NCSU_Devices_FreePDK45"
\a cdsLibManager->libLineEdit->value = "NCSU_Devices_FreePDK45"
\a nrListItemAction(cdsLibManager->libListBox "NCSU_Devices_FreePDK45" 0)
\a cdsLibManager->libListBox->value = "NCSU_TechLib_FreePDK15"
\a cdsLibManager->libLineEdit->value = "NCSU_TechLib_FreePDK15"
\a nrListItemAction(cdsLibManager->libListBox "NCSU_TechLib_FreePDK15" 0)
\a cdsLibManager->libListBox->value = "US_8ths"
\a cdsLibManager->libLineEdit->value = "US_8ths"
\a nrListItemAction(cdsLibManager->libListBox "US_8ths" 0)
\a cdsLibManager->libListBox->value = "analogLib"
\a cdsLibManager->libLineEdit->value = "analogLib"
\a nrListItemAction(cdsLibManager->libListBox "analogLib" 0)
\a cdsLibManager->libListBox->value = "basic"
\a cdsLibManager->libLineEdit->value = "basic"
\a nrListItemAction(cdsLibManager->libListBox "basic" 0)
\a cdsLibManager->libListBox->value = "cdsDefTechLib"
\a cdsLibManager->libLineEdit->value = "cdsDefTechLib"
\a nrListItemAction(cdsLibManager->libListBox "cdsDefTechLib" 0)
\a nrResizeWindow(cdsLibManager list(2141 321 951 654))
\a nrResizeWindow(cdsLibManager list(868 383 951 654))
\a cdsLibManager->libListBox->value = "US_8ths"
\a cdsLibManager->libLineEdit->value = "US_8ths"
\a nrListItemAction(cdsLibManager->libListBox "US_8ths" 0)
